<?xml version="1.0" encoding="UTF-8"?>
<!-- Generated by org.testng.reporters.JUnitReportReporter -->
<testsuite hostname="DESKTOP-PMUR4M5" failures="0" tests="1" name="MyTests.WindowHandle" time="11.163" errors="0" timestamp="2023-08-27T17:04:12 IST" skipped="0">
  <testcase classname="MyTests.WindowHandle" name="windowHandle" time="11.163"/>
</testsuite> <!-- MyTests.WindowHandle -->
