<?xml version="1.0" encoding="UTF-8"?>
<!-- Generated by org.testng.reporters.JUnitReportReporter -->
<testsuite hostname="DESKTOP-PMUR4M5" failures="0" tests="1" name="MyTests.NestedFrames" time="3.633" errors="0" timestamp="2023-08-27T17:04:12 IST" skipped="0">
  <testcase classname="MyTests.NestedFrames" name="handleFrames" time="3.633"/>
</testsuite> <!-- MyTests.NestedFrames -->
