<?xml version="1.0" encoding="UTF-8"?>
<!-- Generated by org.testng.reporters.JUnitReportReporter -->
<testsuite hostname="DESKTOP-PMUR4M5" failures="0" tests="1" name="MyTests.ImageUrls" time="17.191" errors="0" timestamp="2023-08-27T15:27:42 IST" skipped="0">
  <testcase classname="MyTests.ImageUrls" name="imageLinks" time="17.191"/>
</testsuite> <!-- MyTests.ImageUrls -->
